
> @samavāya/shell@0.0.1 build E:\Brahma\accounts\web\apps\shell
> vite build

[36mvite v6.4.1 [32mbuilding SSR bundle for production...[36m[39m
transforming...
[32m✓[39m 212 modules transformed.
rendering chunks...
[36mvite v5.4.21 [32mbuilding for production...[36m[39m
transforming...
.svelte-kit/generated/client-optimized/app.js (25:27): "handleError" is not exported by "src/hooks.client.ts", imported by ".svelte-kit/generated/client-optimized/app.js".
.svelte-kit/generated/client-optimized/app.js (26:20): "init" is not exported by "src/hooks.client.ts", imported by ".svelte-kit/generated/client-optimized/app.js".
[32m✓[39m 323 modules transformed.
rendering chunks...
computing gzip size...
[2m.svelte-kit/output/client/[22m[32m_app/version.json                       [39m[1m[2m  0.03 kB[22m[1m[22m[2m │ gzip:  0.05 kB[22m
[2m.svelte-kit/output/client/[22m[32m.vite/manifest.json                     [39m[1m[2m  6.80 kB[22m[1m[22m[2m │ gzip:  1.00 kB[22m
[2m.svelte-kit/output/client/[22m[35m_app/immutable/assets/4.CUBI9eE5.css    [39m[1m[2m  0.48 kB[22m[1m[22m[2m │ gzip:  0.29 kB[22m
[2m.svelte-kit/output/client/[22m[35m_app/immutable/assets/3.Cgkz41-m.css    [39m[1m[2m  1.51 kB[22m[1m[22m[2m │ gzip:  0.66 kB[22m
[2m.svelte-kit/output/client/[22m[35m_app/immutable/assets/0.D46EONvs.css    [39m[1m[2m  2.43 kB[22m[1m[22m[2m │ gzip:  1.03 kB[22m
[2m.svelte-kit/output/client/[22m[35m_app/immutable/assets/6.CRjqBtrs.css    [39m[1m[2m  2.71 kB[22m[1m[22m[2m │ gzip:  0.78 kB[22m
[2m.svelte-kit/output/client/[22m[35m_app/immutable/assets/5.DguwktnQ.css    [39m[1m[2m  3.34 kB[22m[1m[22m[2m │ gzip:  0.82 kB[22m
[2m.svelte-kit/output/client/[22m[35m_app/immutable/assets/2.i8EJwFxt.css    [39m[1m[2m  3.80 kB[22m[1m[22m[2m │ gzip:  0.85 kB[22m
[2m.svelte-kit/output/client/[22m[36m_app/immutable/entry/start.DAVjfg97.js  [39m[1m[2m  0.08 kB[22m[1m[22m[2m │ gzip:  0.09 kB[22m
[2m.svelte-kit/output/client/[22m[36m_app/immutable/chunks/l17qix41.js       [39m[1m[2m  0.19 kB[22m[1m[22m[2m │ gzip:  0.17 kB[22m
[2m.svelte-kit/output/client/[22m[36m_app/immutable/chunks/B28smDMu.js       [39m[1m[2m  0.37 kB[22m[1m[22m[2m │ gzip:  0.28 kB[22m
[2m.svelte-kit/output/client/[22m[36m_app/immutable/chunks/CnA_yiHv.js       [39m[1m[2m  0.38 kB[22m[1m[22m[2m │ gzip:  0.28 kB[22m
[2m.svelte-kit/output/client/[22m[36m_app/immutable/chunks/DoD5soBl.js       [39m[1m[2m  0.53 kB[22m[1m[22m[2m │ gzip:  0.34 kB[22m
[2m.svelte-kit/output/client/[22m[36m_app/immutable/nodes/1.CdgNzZQo.js      [39m[1m[2m  0.56 kB[22m[1m[22m[2m │ gzip:  0.35 kB[22m
[2m.svelte-kit/output/client/[22m[36m_app/immutable/chunks/Y-HSdg20.js       [39m[1m[2m  0.63 kB[22m[1m[22m[2m │ gzip:  0.39 kB[22m
[2m.svelte-kit/output/client/[22m[36m_app/immutable/nodes/4.CC_3rlre.js      [39m[1m[2m  0.65 kB[22m[1m[22m[2m │ gzip:  0.37 kB[22m
[2m.svelte-kit/output/client/[22m[36m_app/immutable/chunks/D_xkTHMU.js       [39m[1m[2m  0.66 kB[22m[1m[22m[2m │ gzip:  0.44 kB[22m
[2m.svelte-kit/output/client/[22m[36m_app/immutable/chunks/B6SbLayy.js       [39m[1m[2m  0.93 kB[22m[1m[22m[2m │ gzip:  0.54 kB[22m
[2m.svelte-kit/output/client/[22m[36m_app/immutable/nodes/3.YlImtZkc.js      [39m[1m[2m  0.97 kB[22m[1m[22m[2m │ gzip:  0.51 kB[22m
[2m.svelte-kit/output/client/[22m[36m_app/immutable/nodes/0.BwljtVEr.js      [39m[1m[2m  1.19 kB[22m[1m[22m[2m │ gzip:  0.57 kB[22m
[2m.svelte-kit/output/client/[22m[36m_app/immutable/chunks/DCgjMCY9.js       [39m[1m[2m  1.33 kB[22m[1m[22m[2m │ gzip:  0.75 kB[22m
[2m.svelte-kit/output/client/[22m[36m_app/immutable/chunks/Bo76IW9_.js       [39m[1m[2m  1.43 kB[22m[1m[22m[2m │ gzip:  0.74 kB[22m
[2m.svelte-kit/output/client/[22m[36m_app/immutable/chunks/yOXecKI7.js       [39m[1m[2m  1.53 kB[22m[1m[22m[2m │ gzip:  0.67 kB[22m
[2m.svelte-kit/output/client/[22m[36m_app/immutable/nodes/6.RR3kbifU.js      [39m[1m[2m  3.64 kB[22m[1m[22m[2m │ gzip:  1.63 kB[22m
[2m.svelte-kit/output/client/[22m[36m_app/immutable/chunks/DuqCx-4x.js       [39m[1m[2m  3.64 kB[22m[1m[22m[2m │ gzip:  1.34 kB[22m
[2m.svelte-kit/output/client/[22m[36m_app/immutable/chunks/6vSFXM1k.js       [39m[1m[2m  3.75 kB[22m[1m[22m[2m │ gzip:  1.23 kB[22m
[2m.svelte-kit/output/client/[22m[36m_app/immutable/chunks/BMT9szOL.js       [39m[1m[2m  5.81 kB[22m[1m[22m[2m │ gzip:  2.63 kB[22m
[2m.svelte-kit/output/client/[22m[36m_app/immutable/nodes/5.CO6-kW3q.js      [39m[1m[2m  9.91 kB[22m[1m[22m[2m │ gzip:  3.92 kB[22m
[2m.svelte-kit/output/client/[22m[36m_app/immutable/nodes/2.49aX2NZQ.js      [39m[1m[2m 12.12 kB[22m[1m[22m[2m │ gzip:  3.84 kB[22m
[2m.svelte-kit/output/client/[22m[36m_app/immutable/chunks/B8I2k4LX.js       [39m[1m[2m 21.76 kB[22m[1m[22m[2m │ gzip:  8.65 kB[22m
[2m.svelte-kit/output/client/[22m[36m_app/immutable/chunks/xwQfOU6K.js       [39m[1m[2m 30.54 kB[22m[1m[22m[2m │ gzip: 11.96 kB[22m
[2m.svelte-kit/output/client/[22m[36m_app/immutable/entry/app.DJjnliHI.js    [39m[1m[2m125.90 kB[22m[1m[22m[2m │ gzip: 36.71 kB[22m
[32m✓ built in 2.35s[39m
[2m.svelte-kit/output/server/[22m[32m.vite/manifest.json                            [39m[1m[2m  5.75 kB[22m[1m[22m
[2m.svelte-kit/output/server/[22m[35m_app/immutable/assets/_page.CUBI9eE5.css       [39m[1m[2m  0.48 kB[22m[1m[22m
[2m.svelte-kit/output/server/[22m[35m_app/immutable/assets/_layout.NPOxP-l4.css     [39m[1m[2m  1.50 kB[22m[1m[22m
[2m.svelte-kit/output/server/[22m[35m_app/immutable/assets/_layout.D46EONvs.css     [39m[1m[2m  2.43 kB[22m[1m[22m
[2m.svelte-kit/output/server/[22m[35m_app/immutable/assets/_page.CRjqBtrs.css       [39m[1m[2m  2.71 kB[22m[1m[22m
[2m.svelte-kit/output/server/[22m[35m_app/immutable/assets/_page.CyyBLccM.css       [39m[1m[2m  3.34 kB[22m[1m[22m
[2m.svelte-kit/output/server/[22m[35m_app/immutable/assets/_layout.i8EJwFxt.css     [39m[1m[2m  3.80 kB[22m[1m[22m
[2m.svelte-kit/output/server/[22m[36mchunks/false.js                                [39m[1m[2m  0.05 kB[22m[1m[22m
[2m.svelte-kit/output/server/[22m[36mentries/pages/_layout.server.ts.js             [39m[1m[2m  0.12 kB[22m[1m[22m
[2m.svelte-kit/output/server/[22m[36minternal.js                                    [39m[1m[2m  0.33 kB[22m[1m[22m
[2m.svelte-kit/output/server/[22m[36mchunks/hooks.server.js                         [39m[1m[2m  0.36 kB[22m[1m[22m
[2m.svelte-kit/output/server/[22m[36mchunks/state.svelte.js                         [39m[1m[2m  0.38 kB[22m[1m[22m
[2m.svelte-kit/output/server/[22m[36mentries/pages/_page.svelte.js                  [39m[1m[2m  0.48 kB[22m[1m[22m
[2m.svelte-kit/output/server/[22m[36mchunks/escaping.js                             [39m[1m[2m  0.53 kB[22m[1m[22m
[2m.svelte-kit/output/server/[22m[36mchunks/environment.js                          [39m[1m[2m  0.62 kB[22m[1m[22m
[2m.svelte-kit/output/server/[22m[36mentries/pages/_layout.svelte.js                [39m[1m[2m  0.71 kB[22m[1m[22m
[2m.svelte-kit/output/server/[22m[36mentries/pages/(auth)/_layout.svelte.js         [39m[1m[2m  0.89 kB[22m[1m[22m
[2m.svelte-kit/output/server/[22m[36mchunks/utils2.js                               [39m[1m[2m  0.91 kB[22m[1m[22m
[2m.svelte-kit/output/server/[22m[36mentries/fallbacks/error.svelte.js              [39m[1m[2m  1.14 kB[22m[1m[22m
[2m.svelte-kit/output/server/[22m[36mchunks/utils.js                                [39m[1m[2m  1.15 kB[22m[1m[22m
[2m.svelte-kit/output/server/[22m[36mentries/pages/(auth)/login/_page.svelte.js     [39m[1m[2m  2.27 kB[22m[1m[22m
[2m.svelte-kit/output/server/[22m[36mchunks/index.js                                [39m[1m[2m  2.80 kB[22m[1m[22m
[2m.svelte-kit/output/server/[22m[36mchunks/exports.js                              [39m[1m[2m  5.52 kB[22m[1m[22m
[2m.svelte-kit/output/server/[22m[36mchunks/auth.store.js                           [39m[1m[2m  7.02 kB[22m[1m[22m
[2m.svelte-kit/output/server/[22m[36mchunks/theme.store.js                          [39m[1m[2m  7.11 kB[22m[1m[22m
[2m.svelte-kit/output/server/[22m[36mentries/pages/(app)/dashboard/_page.svelte.js  [39m[1m[2m  7.63 kB[22m[1m[22m
[2m.svelte-kit/output/server/[22m[36mentries/pages/(app)/_layout.svelte.js          [39m[1m[2m 17.18 kB[22m[1m[22m
[2m.svelte-kit/output/server/[22m[36mchunks/shared.js                               [39m[1m[2m 17.70 kB[22m[1m[22m
[2m.svelte-kit/output/server/[22m[36mremote-entry.js                                [39m[1m[2m 18.87 kB[22m[1m[22m
[2m.svelte-kit/output/server/[22m[36mchunks/index2.js                               [39m[1m[2m 28.01 kB[22m[1m[22m
[2m.svelte-kit/output/server/[22m[36mchunks/internal.js                             [39m[1m[2m 29.29 kB[22m[1m[22m
[2m.svelte-kit/output/server/[22m[36mchunks/context.js                              [39m[1m[2m 51.64 kB[22m[1m[22m
[2m.svelte-kit/output/server/[22m[36mindex.js                                       [39m[1m[2m126.68 kB[22m[1m[22m
[32m✓ built in 6.48s[39m

Run npm run preview to preview your production build locally.

> Using @sveltejs/adapter-auto
  Could not detect a supported production environment. See https://svelte.dev/docs/kit/adapters to learn how to configure your app to run on the platform of your choosing
  ✔ done
